kidsafe+/proguard/seeds.txt
com.example.uk.co.kidsafe.AboutUs
com.example.uk.co.kidsafe.AboutUs: AboutUs()
com.example.uk.co.kidsafe.AdminReceiver
com.example.uk.co.kidsafe.AdminReceiver: AdminReceiver()
com.example.uk.co.kidsafe.BootCompletedReceiver
com.example.uk.co.kidsafe.BootCompletedReceiver: BootCompletedReceiver()
com.example.uk.co.kidsafe.CreateAccountActivity
com.example.uk.co.kidsafe.CreateAccountActivity: CreateAccountActivity()
com.example.uk.co.kidsafe.LocationService
com.example.uk.co.kidsafe.LocationService: LocationService()
com.example.uk.co.kidsafe.LoginActivity
com.example.uk.co.kidsafe.LoginActivity: LoginActivity()
com.example.uk.co.kidsafe.MainActivity
com.example.uk.co.kidsafe.MainActivity: MainActivity()
com.example.uk.co.kidsafe.ProximityIntentReceiver
com.example.uk.co.kidsafe.ProximityIntentReceiver: ProximityIntentReceiver()
com.example.uk.co.kidsafe.R$anim: int abc_fade_in
com.example.uk.co.kidsafe.R$anim: int abc_fade_out
com.example.uk.co.kidsafe.R$anim: int abc_slide_in_bottom
com.example.uk.co.kidsafe.R$anim: int abc_slide_in_top
com.example.uk.co.kidsafe.R$anim: int abc_slide_out_bottom
com.example.uk.co.kidsafe.R$anim: int abc_slide_out_top
com.example.uk.co.kidsafe.R$attr: int actionBarDivider
com.example.uk.co.kidsafe.R$attr: int actionBarItemBackground
com.example.uk.co.kidsafe.R$attr: int actionBarPopupTheme
com.example.uk.co.kidsafe.R$attr: int actionBarSize
com.example.uk.co.kidsafe.R$attr: int actionBarSplitStyle
com.example.uk.co.kidsafe.R$attr: int actionBarStyle
com.example.uk.co.kidsafe.R$attr: int actionBarTabBarStyle
com.example.uk.co.kidsafe.R$attr: int actionBarTabStyle
com.example.uk.co.kidsafe.R$attr: int actionBarTabTextStyle
com.example.uk.co.kidsafe.R$attr: int actionBarTheme
com.example.uk.co.kidsafe.R$attr: int actionBarWidgetTheme
com.example.uk.co.kidsafe.R$attr: int actionButtonStyle
com.example.uk.co.kidsafe.R$attr: int actionDropDownStyle
com.example.uk.co.kidsafe.R$attr: int actionLayout
com.example.uk.co.kidsafe.R$attr: int actionMenuTextAppearance
com.example.uk.co.kidsafe.R$attr: int actionMenuTextColor
com.example.uk.co.kidsafe.R$attr: int actionModeBackground
com.example.uk.co.kidsafe.R$attr: int actionModeCloseButtonStyle
com.example.uk.co.kidsafe.R$attr: int actionModeCloseDrawable
com.example.uk.co.kidsafe.R$attr: int actionModeCopyDrawable
com.example.uk.co.kidsafe.R$attr: int actionModeCutDrawable
com.example.uk.co.kidsafe.R$attr: int actionModeFindDrawable
com.example.uk.co.kidsafe.R$attr: int actionModePasteDrawable
com.example.uk.co.kidsafe.R$attr: int actionModePopupWindowStyle
com.example.uk.co.kidsafe.R$attr: int actionModeSelectAllDrawable
com.example.uk.co.kidsafe.R$bool: int abc_action_bar_embed_tabs
com.example.uk.co.kidsafe.R$bool: int abc_action_bar_embed_tabs_pre_jb
com.example.uk.co.kidsafe.R$bool: int abc_action_bar_expanded_action_views_exclusive
com.example.uk.co.kidsafe.R$bool: int abc_config_actionMenuItemAllCaps
com.example.uk.co.kidsafe.R$bool: int abc_config_allowActionMenuItemTextWithIcon
com.example.uk.co.kidsafe.R$bool: int abc_config_showMenuShortcutsWhenKeyboardPresent
...
android.support.v7.internal.view.menu.MenuItemWrapperICS$OnMenuItemClickListenerWrapper
android.support.v7.internal.view.menu.MenuItemWrapperICS$OnMenuItemClickListenerWrapper: android.support.v7.internal.view.menu.MenuItemWrapperICS this$0
android.support.v7.internal.view.menu.MenuItemWrapperICS$OnMenuItemClickListenerWrapper: MenuItemWrapperICS$OnMenuItemClickListenerWrapper(android.support.v7.internal.view.menu.MenuItemWrapperICS,android.view.MenuItem$OnMenuItemClickListener)
android.support.v7.internal.view.menu.MenuItemWrapperICS$OnMenuItemClickListenerWrapper: boolean onMenuItemClick(android.view.MenuItem)
android.support.v7.internal.view.menu.MenuItemWrapperJB
android.support.v7.internal.view.menu.MenuItemWrapperJB: MenuItemWrapperJB(android.content.Context,android.support.v4.internal.view.SupportMenuItem)
android.support.v7.internal.view.menu.MenuItemWrapperJB: android.support.v7.internal.view.menu.MenuItemWrapperICS$ActionProviderWrapper createActionProviderWrapper(android.view.ActionProvider)
android.support.v7.internal.view.menu.MenuItemWrapperJB$ActionProviderWrapperJB
android.support.v7.internal.view.menu.MenuItemWrapperJB$ActionProviderWrapperJB: android.support.v4.view.ActionProvider$VisibilityListener mListener
android.support.v7.internal.view.menu.MenuItemWrapperJB$ActionProviderWrapperJB: android.support.v7.internal.view.menu.MenuItemWrapperJB this$0
android.support.v7.internal.view.menu.MenuItemWrapperJB$ActionProviderWrapperJB: MenuItemWrapperJB$ActionProviderWrapperJB(android.support.v7.internal.view.menu.MenuItemWrapperJB,android.content.Context,android.view.ActionProvider)
android.support.v7.internal.view.menu.MenuItemWrapperJB$ActionProviderWrapperJB: android.view.View onCreateActionView(android.view.MenuItem)
android.support.v7.internal.view.menu.MenuItemWrapperJB$ActionProviderWrapperJB: boolean overridesItemVisibility()
android.support.v7.internal.view.menu.MenuItemWrapperJB$ActionProviderWrapperJB: boolean isVisible()
android.support.v7.internal.view.menu.MenuItemWrapperJB$ActionProviderWrapperJB: void refreshVisibility()
android.support.v7.internal.view.menu.MenuItemWrapperJB$ActionProviderWrapperJB: void setVisibilityListener(android.support.v4.view.ActionProvider$VisibilityListener)
android.support.v7.internal.view.menu.MenuItemWrapperJB$ActionProviderWrapperJB: void onActionProviderVisibilityChanged(boolean)
android.support.v7.internal.view.menu.MenuPopupHelper
android.support.v7.internal.view.menu.MenuPopupHelper: java.lang.String TAG
android.support.v7.internal.view.menu.MenuPopupHelper: int ITEM_LAYOUT
android.support.v7.internal.view.menu.MenuPopupHelper: android.content.Context mContext
android.support.v7.internal.view.menu.MenuPopupHelper: android.view.LayoutInflater mInflater
android.support.v7.internal.view.menu.MenuPopupHelper: android.support.v7.internal.view.menu.MenuBuilder mMenu
android.support.v7.internal.view.menu.MenuPopupHelper: android.support.v7.internal.view.menu.MenuPopupHelper$MenuAdapter mAdapter
android.support.v7.internal.view.menu.MenuPopupHelper: boolean mOverflowOnly
android.support.v7.internal.view.menu.MenuPopupHelper: int mPopupMaxWidth
android.support.v7.internal.view.menu.MenuPopupHelper: int mPopupStyleAttr
android.support.v7.internal.view.menu.MenuPopupHelper: int mPopupStyleRes
android.support.v7.internal.view.menu.MenuPopupHelper: android.view.View mAnchorView
android.support.v7.internal.view.menu.MenuPopupHelper: android.support.v7.widget.ListPopupWindow mPopup
android.support.v7.internal.view.menu.MenuPopupHelper: android.view.ViewTreeObserver mTreeObserver
android.support.v7.internal.view.menu.MenuPopupHelper: android.support.v7.internal.view.menu.MenuPresenter$Callback mPresenterCallback
android.support.v7.internal.view.menu.MenuPopupHelper: boolean mForceShowIcon