kidsafe+/proguard/mapping.txt
com.example.uk.co.kidsafe.AboutUs -> com.example.uk.co.kidsafe.AboutUs:
    void onCreate(android.os.Bundle) -> onCreate
    boolean onCreateOptionsMenu(android.view.Menu) -> onCreateOptionsMenu
    boolean onOptionsItemSelected(android.view.MenuItem) -> onOptionsItemSelected
com.example.uk.co.kidsafe.AdminReceiver -> com.example.uk.co.kidsafe.AdminReceiver:
    android.content.ComponentName devAdminReceiver -> a
    android.app.admin.DevicePolicyManager dpm -> b
    java.lang.String secPassword -> c
    java.lang.CharSequence onDisableRequested(android.content.Context,android.content.Intent) -> onDisableRequested
    boolean lockPhone(android.content.Context,java.lang.String) -> a
com.example.uk.co.kidsafe.BootCompletedReceiver -> com.example.uk.co.kidsafe.BootCompletedReceiver:
    void onReceive(android.content.Context,android.content.Intent) -> onReceive
com.example.uk.co.kidsafe.CreateAccountActivity -> com.example.uk.co.kidsafe.CreateAccountActivity:
    android.widget.EditText password -> a
    android.widget.EditText username -> b
    android.widget.EditText name1 -> c
    android.widget.EditText name2 -> d
    void onCreate(android.os.Bundle) -> onCreate
    boolean onCreateOptionsMenu(android.view.Menu) -> onCreateOptionsMenu
    boolean onOptionsItemSelected(android.view.MenuItem) -> onOptionsItemSelected
    android.widget.EditText access$0(com.example.uk.co.kidsafe.CreateAccountActivity) -> a
    android.widget.EditText access$1(com.example.uk.co.kidsafe.CreateAccountActivity) -> b
    android.widget.EditText access$2(com.example.uk.co.kidsafe.CreateAccountActivity) -> c
    android.widget.EditText access$3(com.example.uk.co.kidsafe.CreateAccountActivity) -> d
com.example.uk.co.kidsafe.CreateAccountActivity$1 -> com.example.uk.co.kidsafe.a:
    com.example.uk.co.kidsafe.CreateAccountActivity this$0 -> a
    void onClick(android.view.View) -> onClick
com.example.uk.co.kidsafe.Database -> com.example.uk.co.kidsafe.b:
    java.io.InputStream is -> a
    java.lang.String result -> b
    java.lang.String line -> c
    void insert(java.lang.String,java.lang.String,java.lang.String) -> a
com.example.uk.co.kidsafe.Database$1 -> com.example.uk.co.kidsafe.c:
    com.example.uk.co.kidsafe.Database this$0 -> a
    java.util.ArrayList val$nameValuePairs -> b
    void run() -> run
com.example.uk.co.kidsafe.LocationService -> com.example.uk.co.kidsafe.LocationService:
    android.location.LocationManager locationManager -> a
    com.example.uk.co.kidsafe.Database db -> b
    android.location.Criteria criteria -> c
    java.lang.String result -> d
    java.lang.String line -> e
    org.json.JSONArray locations -> f
    java.io.InputStream is -> g
    void onCreate() -> onCreate
    void onLocationChanged(android.location.Location) -> onLocationChanged
    void onStatusChanged(java.lang.String,int,android.os.Bundle) -> onStatusChanged
    void onProviderEnabled(java.lang.String) -> onProviderEnabled
    void onProviderDisabled(java.lang.String) -> onProviderDisabled
    android.os.IBinder onBind(android.content.Intent) -> onBind
    void onDestroy() -> onDestroy
    void addProximityAlert(double,double,int) -> a
    void getRestrictedAreas() -> a
    void access$0(com.example.uk.co.kidsafe.LocationService,java.io.InputStream) -> a
    java.io.InputStream access$1(com.example.uk.co.kidsafe.LocationService) -> a
    void access$2(com.example.uk.co.kidsafe.LocationService,java.lang.String) -> a
    java.lang.String access$3(com.example.uk.co.kidsafe.LocationService) -> b
    void access$4(com.example.uk.co.kidsafe.LocationService,java.lang.String) -> b
    java.lang.String access$5(com.example.uk.co.kidsafe.LocationService) -> c
    void access$6(com.example.uk.co.kidsafe.LocationService,org.json.JSONArray) -> a
...
com.google.android.gms.drive.internal.zzay -> com.google.android.gms.drive.internal.s:
    com.google.android.gms.drive.internal.OnDrivePreferencesResponse zzaO(android.os.Parcel) -> a
    com.google.android.gms.drive.internal.OnDrivePreferencesResponse[] zzcn(int) -> a
    void zza(com.google.android.gms.drive.internal.OnDrivePreferencesResponse,android.os.Parcel,int) -> a
    java.lang.Object[] newArray(int) -> newArray
    java.lang.Object createFromParcel(android.os.Parcel) -> createFromParcel
com.google.android.gms.drive.internal.zzaz -> com.google.android.gms.drive.internal.t:
    com.google.android.gms.drive.internal.OnEventResponse zzaP(android.os.Parcel) -> a
    com.google.android.gms.drive.internal.OnEventResponse[] zzco(int) -> a
    void zza(com.google.android.gms.drive.internal.OnEventResponse,android.os.Parcel,int) -> a
    java.lang.Object[] newArray(int) -> newArray
    java.lang.Object createFromParcel(android.os.Parcel) -> createFromParcel
com.google.android.gms.drive.internal.zzb -> com.google.android.gms.drive.internal.u:
    com.google.android.gms.drive.internal.AddPermissionRequest zzan(android.os.Parcel) -> a
    com.google.android.gms.drive.internal.AddPermissionRequest[] zzbH(int) -> a
    void zza(com.google.android.gms.drive.internal.AddPermissionRequest,android.os.Parcel,int) -> a
    java.lang.Object[] newArray(int) -> newArray
    java.lang.Object createFromParcel(android.os.Parcel) -> createFromParcel
com.google.android.gms.drive.internal.zzba -> com.google.android.gms.drive.internal.v:
    com.google.android.gms.drive.internal.OnFetchThumbnailResponse zzaQ(android.os.Parcel) -> a
    com.google.android.gms.drive.internal.OnFetchThumbnailResponse[] zzcp(int) -> a
    void zza(com.google.android.gms.drive.internal.OnFetchThumbnailResponse,android.os.Parcel,int) -> a
    java.lang.Object[] newArray(int) -> newArray
    java.lang.Object createFromParcel(android.os.Parcel) -> createFromParcel
com.google.android.gms.drive.internal.zzbb -> com.google.android.gms.drive.internal.w:
    com.google.android.gms.drive.internal.OnListEntriesResponse zzaR(android.os.Parcel) -> a
    com.google.android.gms.drive.internal.OnListEntriesResponse[] zzcq(int) -> a
    void zza(com.google.android.gms.drive.internal.OnListEntriesResponse,android.os.Parcel,int) -> a
    java.lang.Object[] newArray(int) -> newArray
    java.lang.Object createFromParcel(android.os.Parcel) -> createFromParcel
com.google.android.gms.drive.internal.zzbc -> com.google.android.gms.drive.internal.x:
    com.google.android.gms.drive.internal.OnListParentsResponse zzaS(android.os.Parcel) -> a
    com.google.android.gms.drive.internal.OnListParentsResponse[] zzcr(int) -> a
    void zza(com.google.android.gms.drive.internal.OnListParentsResponse,android.os.Parcel,int) -> a
    java.lang.Object[] newArray(int) -> newArray
    java.lang.Object createFromParcel(android.os.Parcel) -> createFromParcel
com.google.android.gms.drive.internal.zzbd -> com.google.android.gms.drive.internal.y:
    com.google.android.gms.drive.internal.OnMetadataResponse zzaT(android.os.Parcel) -> a
    com.google.android.gms.drive.internal.OnMetadataResponse[] zzcs(int) -> a
    void zza(com.google.android.gms.drive.internal.OnMetadataResponse,android.os.Parcel,int) -> a
    java.lang.Object[] newArray(int) -> newArray
    java.lang.Object createFromParcel(android.os.Parcel) -> createFromParcel
com.google.android.gms.drive.internal.zzbe -> com.google.android.gms.drive.internal.z:
    com.google.android.gms.drive.internal.OnLoadRealtimeResponse zzaU(android.os.Parcel) -> a
    com.google.android.gms.drive.internal.OnLoadRealtimeResponse[] zzct(int) -> a
    void zza(com.google.android.gms.drive.internal.OnLoadRealtimeResponse,android.os.Parcel,int) -> a
    java.lang.Object[] newArray(int) -> newArray
    java.lang.Object createFromParcel(android.os.Parcel) -> createFromParcel