kidsafe+/proguard/usage.txt
com.example.uk.co.kidsafe.BootCompletedReceiver:
    static final java.lang.String TAG
    private android.content.ComponentName devAdminReceiver
    private android.app.admin.DevicePolicyManager dpm
    private android.content.SharedPreferences pref
com.example.uk.co.kidsafe.BuildConfig
com.example.uk.co.kidsafe.Database:
    int code
com.example.uk.co.kidsafe.LocationService:
    private static final int THERTY_SECONDS
    private static final long PROX_ALERT_EXPIRATION
com.example.uk.co.kidsafe.MainActivity:
    111:122:private void disableDiviceAdmin(android.content.Context)
com.example.uk.co.kidsafe.ProximityIntentReceiver:
    private static final int NOTIFICATION_ID
com.example.uk.co.kidsafe.R
com.example.uk.co.kidsafe.R$anim
com.example.uk.co.kidsafe.R$attr
com.example.uk.co.kidsafe.R$bool
com.example.uk.co.kidsafe.R$color
com.example.uk.co.kidsafe.R$dimen
com.example.uk.co.kidsafe.R$drawable
com.example.uk.co.kidsafe.R$id
com.example.uk.co.kidsafe.R$integer
com.example.uk.co.kidsafe.R$layout
com.example.uk.co.kidsafe.R$menu
com.example.uk.co.kidsafe.R$raw
com.example.uk.co.kidsafe.R$string
com.example.uk.co.kidsafe.R$style
com.example.uk.co.kidsafe.R$styleable
com.example.uk.co.kidsafe.R$xml
...
com.google.android.gms.internal.zzhi$1
com.google.android.gms.internal.zzhj
com.google.android.gms.internal.zzhk
com.google.android.gms.internal.zzhk$1
com.google.android.gms.internal.zzhk$zza
com.google.android.gms.internal.zzhl
com.google.android.gms.internal.zzhl$zza
com.google.android.gms.internal.zzhm
com.google.android.gms.internal.zzhn
com.google.android.gms.internal.zzhn$zza
com.google.android.gms.internal.zzhn$zza$zza
com.google.android.gms.internal.zzho
com.google.android.gms.internal.zzho$zza
com.google.android.gms.internal.zzho$zza$zza
com.google.android.gms.internal.zzhp:
    public zzhp(int)
    public final synchronized int size()
com.google.android.gms.internal.zzhq:
    public static java.lang.Integer[] zza(int[])
com.google.android.gms.internal.zzhs
com.google.android.gms.internal.zzht:
    public abstract long currentTimeMillis()
    public abstract long elapsedRealtime()
com.google.android.gms.internal.zzhu
com.google.android.gms.internal.zzhv:
    private static com.google.android.gms.internal.zzhv zzVC
    public static synchronized com.google.android.gms.internal.zzht zznd()
    public long currentTimeMillis()
    public long elapsedRealtime()
com.google.android.gms.internal.zzhw
com.google.android.gms.internal.zzhy:
    public static void zza(android.os.ParcelFileDescriptor)
    public static long zza(java.io.InputStream,java.io.OutputStream)
    public static long zza(java.io.InputStream,java.io.OutputStream,boolean)
    public static long zza(java.io.InputStream,java.io.OutputStream,boolean,int)
    public static byte[] zzd(java.io.InputStream)
    public static byte[] zza(java.io.InputStream,boolean)
com.google.android.gms.internal.zzhz:
    public static boolean zzd(java.lang.Object,java.lang.Object)
com.google.android.gms.internal.zzi
com.google.android.gms.internal.zzi$zza
com.google.android.gms.internal.zzic:
    public static boolean zzne()
    public static boolean zznf()
    public static boolean zzng()
    public static boolean zznh()
    public static boolean zzni()
    public static boolean zznj()
    public static boolean zznl()
    public static boolean zznm()
com.google.android.gms.internal.zzid
com.google.android.gms.internal.zzie
com.google.android.gms.internal.zzif
com.google.android.gms.internal.zzig$1:
    protected java.lang.Boolean zze(com.google.android.gms.common.data.DataHolder,int,int)
    protected synthetic java.lang.Object zzc(com.google.android.gms.common.data.DataHolder,int,int)
com.google.android.gms.internal.zzig$2:
    protected com.google.android.gms.common.data.BitmapTeleporter zzk(com.google.android.gms.common.data.DataHolder,int,int)
    protected synthetic java.lang.Object zzc(com.google.android.gms.common.data.DataHolder,int,int)
com.google.android.gms.internal.zzig$zze:
    protected java.util.Collection zzd(com.google.android.gms.common.data.DataHolder,int,int)
    protected synthetic java.lang.Object zzc(com.google.android.gms.common.data.DataHolder,int,int)
com.google.android.gms.internal.zzig$zzh:
    protected java.lang.Boolean zze(com.google.android.gms.common.data.DataHolder,int,int)
    protected synthetic java.lang.Object zzc(com.google.android.gms.common.data.DataHolder,int,int)
com.google.android.gms.internal.zzih:
    protected com.google.android.gms.drive.metadata.internal.AppVisibleCustomProperties zzl(com.google.android.gms.common.data.DataHolder,int,int)
    protected synthetic java.lang.Object zzc(com.google.android.gms.common.data.DataHolder,int,int)
com.google.android.gms.internal.zzij:
    protected com.google.android.gms.drive.DriveId zzm(com.google.android.gms.common.data.DataHolder,int,int)
    protected synthetic java.lang.Object zzc(com.google.android.gms.common.data.DataHolder,int,int)
com.google.android.gms.internal.zzim
com.google.android.gms.internal.zzin
com.google.android.gms.internal.zzio
com.google.android.gms.internal.zzip
com.google.android.gms.internal.zzip$zza
com.google.android.gms.internal.zzip$zzb